<?xml version="1.0" encoding="UTF-8"?>
<coverage generated="1634201866156" clover="3.2.0">
  <project timestamp="1634201866157" name="All files">
    <metrics statements="396" coveredstatements="71" conditionals="357" coveredconditionals="1" methods="189" coveredmethods="26" elements="942" coveredelements="98" complexity="0" loc="396" ncloc="396" packages="11" files="34" classes="34"/>
    <package name="POLKADOT-explorer-web-app">
      <metrics statements="2" coveredstatements="0" conditionals="0" coveredconditionals="0" methods="0" coveredmethods="0"/>
      <file name="babel.config.js" path="C:\Users\alper\Desktop\quanterall-materials\blockchain-course\POLKADOT-explorer-web-app\babel.config.js">
        <metrics statements="1" coveredstatements="0" conditionals="0" coveredconditionals="0" methods="0" coveredmethods="0"/>
        <line num="1" count="0" type="stmt"/>
      </file>
      <file name="jest.config.js" path="C:\Users\alper\Desktop\quanterall-materials\blockchain-course\POLKADOT-explorer-web-app\jest.config.js">
        <metrics statements="1" coveredstatements="0" conditionals="0" coveredconditionals="0" methods="0" coveredmethods="0"/>
        <line num="1" count="0" type="stmt"/>
      </file>
    </package>
    <package name="POLKADOT-explorer-web-app.coverage.lcov-report">
      <metrics statements="106" coveredstatements="0" conditionals="323" coveredconditionals="0" methods="52" coveredmethods="0"/>
      <file name="block-navigation.js" path="C:\Users\alper\Desktop\quanterall-materials\blockchain-course\POLKADOT-explorer-web-app\coverage\lcov-report\block-navigation.js">
        <metrics statements="28" coveredstatements="0" conditionals="15" coveredconditionals="0" methods="6" coveredmethods="0"/>
        <line num="2" count="0" type="stmt"/>
        <line num="4" count="0" type="stmt"/>
        <line num="7" count="0" type="stmt"/>
        <line num="10" count="0" type="stmt"/>
        <line num="14" count="0" type="stmt"/>
        <line num="20" count="0" type="stmt"/>
        <line num="25" count="0" type="stmt"/>
        <line num="28" count="0" type="stmt"/>
        <line num="32" count="0" type="stmt"/>
        <line num="33" count="0" type="stmt"/>
        <line num="34" count="0" type="stmt"/>
        <line num="42" count="0" type="stmt"/>
        <line num="43" count="0" type="cond" truecount="0" falsecount="4"/>
        <line num="44" count="0" type="stmt"/>
        <line num="45" count="0" type="cond" truecount="0" falsecount="2"/>
        <line num="46" count="0" type="stmt"/>
        <line num="49" count="0" type="stmt"/>
        <line num="53" count="0" type="stmt"/>
        <line num="55" count="0" type="cond" truecount="0" falsecount="2"/>
        <line num="59" count="0" type="stmt"/>
        <line num="62" count="0" type="stmt"/>
        <line num="65" count="0" type="stmt"/>
        <line num="66" count="0" type="cond" truecount="0" falsecount="5"/>
        <line num="69" count="0" type="stmt"/>
        <line num="70" count="0" type="stmt"/>
        <line num="74" count="0" type="stmt"/>
        <line num="75" count="0" type="stmt"/>
        <line num="79" count="0" type="stmt"/>
      </file>
      <file name="prettify.js" path="C:\Users\alper\Desktop\quanterall-materials\blockchain-course\POLKADOT-explorer-web-app\coverage\lcov-report\prettify.js">
        <metrics statements="1" coveredstatements="0" conditionals="286" coveredconditionals="0" methods="29" coveredmethods="0"/>
        <line num="2" count="0" type="cond" truecount="0" falsecount="286"/>
      </file>
      <file name="sorter.js" path="C:\Users\alper\Desktop\quanterall-materials\blockchain-course\POLKADOT-explorer-web-app\coverage\lcov-report\sorter.js">
        <metrics statements="77" coveredstatements="0" conditionals="22" coveredconditionals="0" methods="17" coveredmethods="0"/>
        <line num="2" count="0" type="stmt"/>
        <line num="5" count="0" type="stmt"/>
        <line num="12" count="0" type="stmt"/>
        <line num="16" count="0" type="stmt"/>
        <line num="20" count="0" type="stmt"/>
        <line num="24" count="0" type="stmt"/>
        <line num="29" count="0" type="stmt"/>
        <line num="31" count="0" type="stmt"/>
        <line num="35" count="0" type="stmt"/>
        <line num="36" count="0" type="stmt"/>
        <line num="37" count="0" type="stmt"/>
        <line num="42" count="0" type="stmt"/>
        <line num="43" count="0" type="cond" truecount="0" falsecount="2"/>
        <line num="44" count="0" type="stmt"/>
        <line num="45" count="0" type="stmt"/>
        <line num="49" count="0" type="stmt"/>
        <line num="54" count="0" type="stmt"/>
        <line num="57" count="0" type="stmt"/>
        <line num="60" count="0" type="stmt"/>
        <line num="61" count="0" type="stmt"/>
        <line num="62" count="0" type="stmt"/>
        <line num="63" count="0" type="stmt"/>
        <line num="64" count="0" type="cond" truecount="0" falsecount="2"/>
        <line num="65" count="0" type="stmt"/>
        <line num="67" count="0" type="stmt"/>
        <line num="69" count="0" type="stmt"/>
        <line num="73" count="0" type="stmt"/>
        <line num="76" count="0" type="stmt"/>
        <line num="77" count="0" type="stmt"/>
        <line num="82" count="0" type="stmt"/>
        <line num="83" count="0" type="stmt"/>
        <line num="84" count="0" type="stmt"/>
        <line num="85" count="0" type="stmt"/>
        <line num="86" count="0" type="cond" truecount="0" falsecount="4"/>
        <line num="88" count="0" type="stmt"/>
        <line num="89" count="0" type="stmt"/>
        <line num="90" count="0" type="stmt"/>
        <line num="91" count="0" type="stmt"/>
        <line num="94" count="0" type="cond" truecount="0" falsecount="2"/>
        <line num="95" count="0" type="stmt"/>
        <line num="96" count="0" type="stmt"/>
        <line num="100" count="0" type="stmt"/>
        <line num="101" count="0" type="stmt"/>
        <line num="102" count="0" type="stmt"/>
        <line num="105" count="0" type="stmt"/>
        <line num="107" count="0" type="stmt"/>
        <line num="108" count="0" type="stmt"/>
        <line num="113" count="0" type="stmt"/>
        <line num="114" count="0" type="stmt"/>
        <line num="116" count="0" type="stmt"/>
        <line num="117" count="0" type="stmt"/>
        <line num="121" count="0" type="cond" truecount="0" falsecount="2"/>
        <line num="129" count="0" type="stmt"/>
        <line num="130" count="0" type="stmt"/>
        <line num="132" count="0" type="stmt"/>
        <line num="133" count="0" type="stmt"/>
        <line num="135" count="0" type="cond" truecount="0" falsecount="2"/>
        <line num="136" count="0" type="stmt"/>
        <line num="138" count="0" type="stmt"/>
        <line num="139" count="0" type="stmt"/>
        <line num="140" count="0" type="stmt"/>
        <line num="141" count="0" type="stmt"/>
        <line num="142" count="0" type="stmt"/>
        <line num="145" count="0" type="stmt"/>
        <line num="146" count="0" type="cond" truecount="0" falsecount="2"/>
        <line num="149" count="0" type="stmt"/>
        <line num="150" count="0" type="cond" truecount="0" falsecount="2"/>
        <line num="151" count="0" type="stmt"/>
        <line num="153" count="0" type="stmt"/>
        <line num="159" count="0" type="stmt"/>
        <line num="160" count="0" type="cond" truecount="0" falsecount="2"/>
        <line num="161" count="0" type="stmt"/>
        <line num="163" count="0" type="stmt"/>
        <line num="164" count="0" type="stmt"/>
        <line num="165" count="0" type="stmt"/>
        <line num="166" count="0" type="stmt"/>
        <line num="170" count="0" type="stmt"/>
      </file>
    </package>
    <package name="POLKADOT-explorer-web-app.server">
      <metrics statements="9" coveredstatements="0" conditionals="0" coveredconditionals="0" methods="2" coveredmethods="0"/>
      <file name="index.js" path="C:\Users\alper\Desktop\quanterall-materials\blockchain-course\POLKADOT-explorer-web-app\server\index.js">
        <metrics statements="9" coveredstatements="0" conditionals="0" coveredconditionals="0" methods="2" coveredmethods="0"/>
        <line num="1" count="0" type="stmt"/>
        <line num="2" count="0" type="stmt"/>
        <line num="3" count="0" type="stmt"/>
        <line num="4" count="0" type="stmt"/>
        <line num="5" count="0" type="stmt"/>
        <line num="7" count="0" type="stmt"/>
        <line num="8" count="0" type="stmt"/>
        <line num="13" count="0" type="stmt"/>
        <line num="14" count="0" type="stmt"/>
      </file>
    </package>
    <package name="POLKADOT-explorer-web-app.src">
      <metrics statements="9" coveredstatements="0" conditionals="0" coveredconditionals="0" methods="2" coveredmethods="0"/>
      <file name="App.vue" path="C:\Users\alper\Desktop\quanterall-materials\blockchain-course\POLKADOT-explorer-web-app\src\App.vue">
        <metrics statements="8" coveredstatements="0" conditionals="0" coveredconditionals="0" methods="2" coveredmethods="0"/>
        <line num="18" count="0" type="stmt"/>
        <line num="19" count="0" type="stmt"/>
        <line num="20" count="0" type="stmt"/>
        <line num="21" count="0" type="stmt"/>
        <line num="22" count="0" type="stmt"/>
        <line num="24" count="0" type="stmt"/>
        <line num="36" count="0" type="stmt"/>
        <line num="41" count="0" type="stmt"/>
      </file>
      <file name="main.js" path="C:\Users\alper\Desktop\quanterall-materials\blockchain-course\POLKADOT-explorer-web-app\src\main.js">
        <metrics statements="1" coveredstatements="0" conditionals="0" coveredconditionals="0" methods="0" coveredmethods="0"/>
        <line num="7" count="0" type="stmt"/>
      </file>
    </package>
    <package name="POLKADOT-explorer-web-app.src.components">
      <metrics statements="103" coveredstatements="43" conditionals="12" coveredconditionals="1" methods="46" coveredmethods="15"/>
      <file name="AccountBalanceTable.vue" path="C:\Users\alper\Desktop\quanterall-materials\blockchain-course\POLKADOT-explorer-web-app\src\components\AccountBalanceTable.vue">
        <metrics statements="1" coveredstatements="1" conditionals="0" coveredconditionals="0" methods="0" coveredmethods="0"/>
        <line num="29" count="3" type="stmt"/>
      </file>
      <file name="AccountTransactionsTable.vue" path="C:\Users\alper\Desktop\quanterall-materials\blockchain-course\POLKADOT-explorer-web-app\src\components\AccountTransactionsTable.vue">
        <metrics statements="11" coveredstatements="6" conditionals="0" coveredconditionals="0" methods="6" coveredmethods="3"/>
        <line num="55" count="2" type="stmt"/>
        <line num="56" count="2" type="stmt"/>
        <line num="57" count="2" type="stmt"/>
        <line num="64" count="0" type="stmt"/>
        <line num="68" count="0" type="stmt"/>
        <line num="69" count="0" type="stmt"/>
        <line num="75" count="0" type="stmt"/>
        <line num="76" count="0" type="stmt"/>
        <line num="81" count="1" type="stmt"/>
        <line num="87" count="3" type="stmt"/>
        <line num="118" count="3" type="stmt"/>
      </file>
      <file name="BaseButton.vue" path="C:\Users\alper\Desktop\quanterall-materials\blockchain-course\POLKADOT-explorer-web-app\src\components\BaseButton.vue">
        <metrics statements="1" coveredstatements="1" conditionals="0" coveredconditionals="0" methods="0" coveredmethods="0"/>
        <line num="8" count="3" type="stmt"/>
      </file>
      <file name="CountCard.vue" path="C:\Users\alper\Desktop\quanterall-materials\blockchain-course\POLKADOT-explorer-web-app\src\components\CountCard.vue">
        <metrics statements="2" coveredstatements="2" conditionals="0" coveredconditionals="0" methods="0" coveredmethods="0"/>
        <line num="20" count="2" type="stmt"/>
        <line num="21" count="2" type="stmt"/>
      </file>
      <file name="CountCardSpinner.vue" path="C:\Users\alper\Desktop\quanterall-materials\blockchain-course\POLKADOT-explorer-web-app\src\components\CountCardSpinner.vue">
        <metrics statements="2" coveredstatements="2" conditionals="0" coveredconditionals="0" methods="0" coveredmethods="0"/>
        <line num="20" count="2" type="stmt"/>
        <line num="21" count="2" type="stmt"/>
      </file>
      <file name="LastBlocksTable.vue" path="C:\Users\alper\Desktop\quanterall-materials\blockchain-course\POLKADOT-explorer-web-app\src\components\LastBlocksTable.vue">
        <metrics statements="15" coveredstatements="6" conditionals="2" coveredconditionals="0" methods="11" coveredmethods="4"/>
        <line num="26" count="2" type="stmt"/>
        <line num="29" count="1" type="stmt"/>
        <line num="37" count="1" type="stmt"/>
        <line num="46" count="1" type="stmt"/>
        <line num="47" count="1" type="stmt"/>
        <line num="52" count="1" type="stmt"/>
        <line num="56" count="0" type="stmt"/>
        <line num="60" count="0" type="stmt"/>
        <line num="62" count="0" type="stmt"/>
        <line num="64" count="0" type="stmt"/>
        <line num="67" count="0" type="cond" truecount="0" falsecount="2"/>
        <line num="70" count="0" type="stmt"/>
        <line num="71" count="0" type="stmt"/>
        <line num="72" count="0" type="stmt"/>
        <line num="76" count="0" type="stmt"/>
      </file>
      <file name="LastTransactionsTable.vue" path="C:\Users\alper\Desktop\quanterall-materials\blockchain-course\POLKADOT-explorer-web-app\src\components\LastTransactionsTable.vue">
        <metrics statements="15" coveredstatements="12" conditionals="2" coveredconditionals="1" methods="11" coveredmethods="8"/>
        <line num="30" count="2" type="stmt"/>
        <line num="33" count="5" type="stmt"/>
        <line num="41" count="5" type="stmt"/>
        <line num="50" count="5" type="stmt"/>
        <line num="51" count="5" type="stmt"/>
        <line num="55" count="5" type="stmt"/>
        <line num="57" count="5" type="cond" truecount="1" falsecount="1"/>
        <line num="58" count="0" type="stmt"/>
        <line num="61" count="0" type="stmt"/>
        <line num="65" count="3" type="stmt"/>
        <line num="68" count="2" type="stmt"/>
        <line num="71" count="2" type="stmt"/>
        <line num="74" count="1" type="stmt"/>
        <line num="75" count="1" type="stmt"/>
        <line num="79" count="0" type="stmt"/>
      </file>
      <file name="TheContainer.vue" path="C:\Users\alper\Desktop\quanterall-materials\blockchain-course\POLKADOT-explorer-web-app\src\components\TheContainer.vue">
        <metrics statements="2" coveredstatements="2" conditionals="0" coveredconditionals="0" methods="0" coveredmethods="0"/>
        <line num="10" count="1" type="stmt"/>
        <line num="11" count="1" type="stmt"/>
      </file>
      <file name="TheDetailsCard.vue" path="C:\Users\alper\Desktop\quanterall-materials\blockchain-course\POLKADOT-explorer-web-app\src\components\TheDetailsCard.vue">
        <metrics statements="28" coveredstatements="5" conditionals="0" coveredconditionals="0" methods="14" coveredmethods="0"/>
        <line num="15" count="1" type="stmt"/>
        <line num="16" count="1" type="stmt"/>
        <line num="17" count="1" type="stmt"/>
        <line num="18" count="1" type="stmt"/>
        <line num="19" count="1" type="stmt"/>
        <line num="26" count="0" type="stmt"/>
        <line num="48" count="0" type="stmt"/>
        <line num="49" count="0" type="stmt"/>
        <line num="51" count="0" type="stmt"/>
        <line num="52" count="0" type="stmt"/>
        <line num="54" count="0" type="stmt"/>
        <line num="55" count="0" type="stmt"/>
        <line num="64" count="0" type="stmt"/>
        <line num="66" count="0" type="stmt"/>
        <line num="67" count="0" type="stmt"/>
        <line num="69" count="0" type="stmt"/>
        <line num="72" count="0" type="stmt"/>
        <line num="74" count="0" type="stmt"/>
        <line num="75" count="0" type="stmt"/>
        <line num="78" count="0" type="stmt"/>
        <line num="81" count="0" type="stmt"/>
        <line num="83" count="0" type="stmt"/>
        <line num="84" count="0" type="stmt"/>
        <line num="87" count="0" type="stmt"/>
        <line num="91" count="0" type="stmt"/>
        <line num="92" count="0" type="stmt"/>
        <line num="93" count="0" type="stmt"/>
        <line num="97" count="0" type="stmt"/>
      </file>
      <file name="TheFooter.vue" path="C:\Users\alper\Desktop\quanterall-materials\blockchain-course\POLKADOT-explorer-web-app\src\components\TheFooter.vue">
        <metrics statements="1" coveredstatements="1" conditionals="0" coveredconditionals="0" methods="0" coveredmethods="0"/>
        <line num="10" count="1" type="stmt"/>
      </file>
      <file name="TheNavBar.vue" path="C:\Users\alper\Desktop\quanterall-materials\blockchain-course\POLKADOT-explorer-web-app\src\components\TheNavBar.vue">
        <metrics statements="1" coveredstatements="1" conditionals="0" coveredconditionals="0" methods="0" coveredmethods="0"/>
        <line num="18" count="1" type="stmt"/>
      </file>
      <file name="TheSearchBar.vue" path="C:\Users\alper\Desktop\quanterall-materials\blockchain-course\POLKADOT-explorer-web-app\src\components\TheSearchBar.vue">
        <metrics statements="22" coveredstatements="2" conditionals="8" coveredconditionals="0" methods="4" coveredmethods="0"/>
        <line num="11" count="1" type="stmt"/>
        <line num="12" count="1" type="stmt"/>
        <line num="15" count="0" type="stmt"/>
        <line num="22" count="0" type="cond" truecount="0" falsecount="2"/>
        <line num="23" count="0" type="cond" truecount="0" falsecount="2"/>
        <line num="24" count="0" type="stmt"/>
        <line num="25" count="0" type="stmt"/>
        <line num="27" count="0" type="stmt"/>
        <line num="30" count="0" type="stmt"/>
        <line num="31" count="0" type="stmt"/>
        <line num="32" count="0" type="stmt"/>
        <line num="34" count="0" type="cond" truecount="0" falsecount="2"/>
        <line num="35" count="0" type="stmt"/>
        <line num="36" count="0" type="stmt"/>
        <line num="37" count="0" type="stmt"/>
        <line num="39" count="0" type="cond" truecount="0" falsecount="2"/>
        <line num="40" count="0" type="stmt"/>
        <line num="42" count="0" type="stmt"/>
        <line num="43" count="0" type="stmt"/>
        <line num="46" count="0" type="stmt"/>
        <line num="56" count="0" type="stmt"/>
        <line num="57" count="0" type="stmt"/>
      </file>
      <file name="TheSpinner.vue" path="C:\Users\alper\Desktop\quanterall-materials\blockchain-course\POLKADOT-explorer-web-app\src\components\TheSpinner.vue">
        <metrics statements="2" coveredstatements="2" conditionals="0" coveredconditionals="0" methods="0" coveredmethods="0"/>
        <line num="20" count="1" type="stmt"/>
        <line num="21" count="1" type="stmt"/>
      </file>
    </package>
    <package name="POLKADOT-explorer-web-app.src.gateways.accountApis">
      <metrics statements="0" coveredstatements="0" conditionals="0" coveredconditionals="0" methods="0" coveredmethods="0"/>
      <file name="accountsApi.js" path="C:\Users\alper\Desktop\quanterall-materials\blockchain-course\POLKADOT-explorer-web-app\src\gateways\accountApis\accountsApi.js">
        <metrics statements="0" coveredstatements="0" conditionals="0" coveredconditionals="0" methods="0" coveredmethods="0"/>
      </file>
      <file name="addressesApi.js" path="C:\Users\alper\Desktop\quanterall-materials\blockchain-course\POLKADOT-explorer-web-app\src\gateways\accountApis\addressesApi.js">
        <metrics statements="0" coveredstatements="0" conditionals="0" coveredconditionals="0" methods="0" coveredmethods="0"/>
      </file>
    </package>
    <package name="POLKADOT-explorer-web-app.src.gateways.blockApis">
      <metrics statements="0" coveredstatements="0" conditionals="0" coveredconditionals="0" methods="0" coveredmethods="0"/>
      <file name="blocksApi.js" path="C:\Users\alper\Desktop\quanterall-materials\blockchain-course\POLKADOT-explorer-web-app\src\gateways\blockApis\blocksApi.js">
        <metrics statements="0" coveredstatements="0" conditionals="0" coveredconditionals="0" methods="0" coveredmethods="0"/>
      </file>
    </package>
    <package name="POLKADOT-explorer-web-app.src.gateways.transactionApis">
      <metrics statements="0" coveredstatements="0" conditionals="0" coveredconditionals="0" methods="0" coveredmethods="0"/>
      <file name="transactionsApi.js" path="C:\Users\alper\Desktop\quanterall-materials\blockchain-course\POLKADOT-explorer-web-app\src\gateways\transactionApis\transactionsApi.js">
        <metrics statements="0" coveredstatements="0" conditionals="0" coveredconditionals="0" methods="0" coveredmethods="0"/>
      </file>
    </package>
    <package name="POLKADOT-explorer-web-app.src.router">
      <metrics statements="12" coveredstatements="0" conditionals="0" coveredconditionals="0" methods="10" coveredmethods="0"/>
      <file name="index.js" path="C:\Users\alper\Desktop\quanterall-materials\blockchain-course\POLKADOT-explorer-web-app\src\router\index.js">
        <metrics statements="12" coveredstatements="0" conditionals="0" coveredconditionals="0" methods="10" coveredmethods="0"/>
        <line num="6" count="0" type="stmt"/>
        <line num="16" count="0" type="stmt"/>
        <line num="17" count="0" type="stmt"/>
        <line num="23" count="0" type="stmt"/>
        <line num="28" count="0" type="stmt"/>
        <line num="29" count="0" type="stmt"/>
        <line num="34" count="0" type="stmt"/>
        <line num="35" count="0" type="stmt"/>
        <line num="40" count="0" type="stmt"/>
        <line num="41" count="0" type="stmt"/>
        <line num="46" count="0" type="stmt"/>
        <line num="51" count="0" type="stmt"/>
      </file>
    </package>
    <package name="POLKADOT-explorer-web-app.src.store">
      <metrics statements="22" coveredstatements="0" conditionals="8" coveredconditionals="0" methods="19" coveredmethods="0"/>
      <file name="index.js" path="C:\Users\alper\Desktop\quanterall-materials\blockchain-course\POLKADOT-explorer-web-app\src\store\index.js">
        <metrics statements="22" coveredstatements="0" conditionals="8" coveredconditionals="0" methods="19" coveredmethods="0"/>
        <line num="13" count="0" type="stmt"/>
        <line num="16" count="0" type="stmt"/>
        <line num="19" count="0" type="cond" truecount="0" falsecount="2"/>
        <line num="21" count="0" type="stmt"/>
        <line num="26" count="0" type="stmt"/>
        <line num="29" count="0" type="stmt"/>
        <line num="33" count="0" type="stmt"/>
        <line num="38" count="0" type="stmt"/>
        <line num="41" count="0" type="stmt"/>
        <line num="45" count="0" type="stmt"/>
        <line num="47" count="0" type="stmt"/>
        <line num="49" count="0" type="cond" truecount="0" falsecount="2"/>
        <line num="50" count="0" type="stmt"/>
        <line num="54" count="0" type="stmt"/>
        <line num="58" count="0" type="stmt"/>
        <line num="61" count="0" type="stmt"/>
        <line num="63" count="0" type="cond" truecount="0" falsecount="4"/>
        <line num="65" count="0" type="stmt"/>
        <line num="75" count="0" type="stmt"/>
        <line num="80" count="0" type="stmt"/>
        <line num="83" count="0" type="stmt"/>
        <line num="86" count="0" type="stmt"/>
      </file>
    </package>
    <package name="POLKADOT-explorer-web-app.src.views">
      <metrics statements="133" coveredstatements="28" conditionals="14" coveredconditionals="0" methods="58" coveredmethods="11"/>
      <file name="Account.vue" path="C:\Users\alper\Desktop\quanterall-materials\blockchain-course\POLKADOT-explorer-web-app\src\views\Account.vue">
        <metrics statements="14" coveredstatements="8" conditionals="0" coveredconditionals="0" methods="8" coveredmethods="4"/>
        <line num="11" count="1" type="stmt"/>
        <line num="12" count="1" type="stmt"/>
        <line num="13" count="1" type="stmt"/>
        <line num="15" count="1" type="stmt"/>
        <line num="25" count="1" type="stmt"/>
        <line num="32" count="1" type="stmt"/>
        <line num="37" count="1" type="stmt"/>
        <line num="39" count="1" type="stmt"/>
        <line num="41" count="0" type="stmt"/>
        <line num="44" count="0" type="stmt"/>
        <line num="46" count="0" type="stmt"/>
        <line num="48" count="0" type="stmt"/>
        <line num="50" count="0" type="stmt"/>
        <line num="52" count="0" type="stmt"/>
      </file>
      <file name="Accounts.vue" path="C:\Users\alper\Desktop\quanterall-materials\blockchain-course\POLKADOT-explorer-web-app\src\views\Accounts.vue">
        <metrics statements="32" coveredstatements="8" conditionals="2" coveredconditionals="0" methods="13" coveredmethods="3"/>
        <line num="53" count="1" type="stmt"/>
        <line num="54" count="1" type="stmt"/>
        <line num="55" count="1" type="stmt"/>
        <line num="56" count="1" type="stmt"/>
        <line num="58" count="1" type="stmt"/>
        <line num="61" count="1" type="stmt"/>
        <line num="82" count="0" type="stmt"/>
        <line num="87" count="0" type="stmt"/>
        <line num="88" count="0" type="stmt"/>
        <line num="94" count="0" type="stmt"/>
        <line num="95" count="0" type="stmt"/>
        <line num="99" count="0" type="stmt"/>
        <line num="100" count="0" type="stmt"/>
        <line num="107" count="1" type="stmt"/>
        <line num="109" count="1" type="stmt"/>
        <line num="111" count="0" type="stmt"/>
        <line num="112" count="0" type="stmt"/>
        <line num="114" count="0" type="cond" truecount="0" falsecount="2"/>
        <line num="116" count="0" type="stmt"/>
        <line num="118" count="0" type="stmt"/>
        <line num="121" count="0" type="stmt"/>
        <line num="123" count="0" type="stmt"/>
        <line num="124" count="0" type="stmt"/>
        <line num="125" count="0" type="stmt"/>
        <line num="126" count="0" type="stmt"/>
        <line num="127" count="0" type="stmt"/>
        <line num="131" count="0" type="stmt"/>
        <line num="132" count="0" type="stmt"/>
        <line num="135" count="0" type="stmt"/>
        <line num="138" count="0" type="stmt"/>
        <line num="141" count="0" type="stmt"/>
        <line num="148" count="0" type="stmt"/>
      </file>
      <file name="Block.vue" path="C:\Users\alper\Desktop\quanterall-materials\blockchain-course\POLKADOT-explorer-web-app\src\views\Block.vue">
        <metrics statements="20" coveredstatements="0" conditionals="6" coveredconditionals="0" methods="11" coveredmethods="0"/>
        <line num="72" count="0" type="stmt"/>
        <line num="75" count="0" type="stmt"/>
        <line num="80" count="0" type="stmt"/>
        <line num="82" count="0" type="stmt"/>
        <line num="84" count="0" type="stmt"/>
        <line num="87" count="0" type="cond" truecount="0" falsecount="2"/>
        <line num="88" count="0" type="cond" truecount="0" falsecount="2"/>
        <line num="91" count="0" type="stmt"/>
        <line num="92" count="0" type="stmt"/>
        <line num="96" count="0" type="stmt"/>
        <line num="103" count="0" type="stmt"/>
        <line num="107" count="0" type="stmt"/>
        <line num="108" count="0" type="stmt"/>
        <line num="110" count="0" type="stmt"/>
        <line num="111" count="0" type="stmt"/>
        <line num="113" count="0" type="stmt"/>
        <line num="114" count="0" type="stmt"/>
        <line num="115" count="0" type="cond" truecount="0" falsecount="2"/>
        <line num="117" count="0" type="stmt"/>
        <line num="122" count="0" type="stmt"/>
      </file>
      <file name="Blocks.vue" path="C:\Users\alper\Desktop\quanterall-materials\blockchain-course\POLKADOT-explorer-web-app\src\views\Blocks.vue">
        <metrics statements="29" coveredstatements="0" conditionals="4" coveredconditionals="0" methods="12" coveredmethods="0"/>
        <line num="43" count="0" type="stmt"/>
        <line num="44" count="0" type="stmt"/>
        <line num="45" count="0" type="stmt"/>
        <line num="52" count="0" type="stmt"/>
        <line num="62" count="0" type="stmt"/>
        <line num="63" count="0" type="stmt"/>
        <line num="69" count="0" type="stmt"/>
        <line num="70" count="0" type="stmt"/>
        <line num="74" count="0" type="stmt"/>
        <line num="76" count="0" type="stmt"/>
        <line num="78" count="0" type="stmt"/>
        <line num="81" count="0" type="stmt"/>
        <line num="84" count="0" type="stmt"/>
        <line num="85" count="0" type="stmt"/>
        <line num="86" count="0" type="stmt"/>
        <line num="93" count="0" type="stmt"/>
        <line num="97" count="0" type="stmt"/>
        <line num="99" count="0" type="stmt"/>
        <line num="101" count="0" type="cond" truecount="0" falsecount="2"/>
        <line num="102" count="0" type="stmt"/>
        <line num="104" count="0" type="stmt"/>
        <line num="106" count="0" type="stmt"/>
        <line num="107" count="0" type="stmt"/>
        <line num="108" count="0" type="stmt"/>
        <line num="110" count="0" type="stmt"/>
        <line num="111" count="0" type="stmt"/>
        <line num="113" count="0" type="stmt"/>
        <line num="114" count="0" type="cond" truecount="0" falsecount="2"/>
        <line num="115" count="0" type="stmt"/>
      </file>
      <file name="Home.vue" path="C:\Users\alper\Desktop\quanterall-materials\blockchain-course\POLKADOT-explorer-web-app\src\views\Home.vue">
        <metrics statements="5" coveredstatements="5" conditionals="0" coveredconditionals="0" methods="0" coveredmethods="0"/>
        <line num="19" count="1" type="stmt"/>
        <line num="20" count="1" type="stmt"/>
        <line num="21" count="1" type="stmt"/>
        <line num="22" count="1" type="stmt"/>
        <line num="25" count="1" type="stmt"/>
      </file>
      <file name="Transaction.vue" path="C:\Users\alper\Desktop\quanterall-materials\blockchain-course\POLKADOT-explorer-web-app\src\views\Transaction.vue">
        <metrics statements="10" coveredstatements="7" conditionals="0" coveredconditionals="0" methods="5" coveredmethods="4"/>
        <line num="38" count="1" type="stmt"/>
        <line num="39" count="1" type="stmt"/>
        <line num="43" count="1" type="stmt"/>
        <line num="44" count="1" type="stmt"/>
        <line num="48" count="3" type="stmt"/>
        <line num="54" count="3" type="stmt"/>
        <line num="57" count="3" type="stmt"/>
        <line num="59" count="0" type="stmt"/>
        <line num="60" count="0" type="stmt"/>
        <line num="61" count="0" type="stmt"/>
      </file>
      <file name="Transactions.vue" path="C:\Users\alper\Desktop\quanterall-materials\blockchain-course\POLKADOT-explorer-web-app\src\views\Transactions.vue">
        <metrics statements="23" coveredstatements="0" conditionals="2" coveredconditionals="0" methods="9" coveredmethods="0"/>
        <line num="54" count="0" type="stmt"/>
        <line num="55" count="0" type="stmt"/>
        <line num="57" count="0" type="stmt"/>
        <line num="60" count="0" type="stmt"/>
        <line num="74" count="0" type="stmt"/>
        <line num="75" count="0" type="stmt"/>
        <line num="81" count="0" type="stmt"/>
        <line num="82" count="0" type="stmt"/>
        <line num="86" count="0" type="stmt"/>
        <line num="87" count="0" type="stmt"/>
        <line num="90" count="0" type="stmt"/>
        <line num="94" count="0" type="stmt"/>
        <line num="97" count="0" type="stmt"/>
        <line num="98" count="0" type="stmt"/>
        <line num="100" count="0" type="stmt"/>
        <line num="101" count="0" type="stmt"/>
        <line num="103" count="0" type="cond" truecount="0" falsecount="2"/>
        <line num="105" count="0" type="stmt"/>
        <line num="107" count="0" type="stmt"/>
        <line num="110" count="0" type="stmt"/>
        <line num="112" count="0" type="stmt"/>
        <line num="113" count="0" type="stmt"/>
        <line num="114" count="0" type="stmt"/>
      </file>
    </package>
  </project>
</coverage>
